This file contains any messages produced by compilers while
running configure, to aid debugging if configure makes a mistake.

It was created by libtorrent-rasterbar configure 1.0.2, which was
generated by GNU Autoconf 2.69.  Invocation command line was

  $ ./configure --enable-python-binding

## --------- ##
## Platform. ##
## --------- ##

hostname = vagrant-ubuntu-trusty-64
uname -m = x86_64
uname -r = 3.13.0-40-generic
uname -s = Linux
uname -v = #69-Ubuntu SMP Thu Nov 13 17:53:56 UTC 2014

/usr/bin/uname -p = unknown
/bin/uname -X     = unknown

/bin/arch              = unknown
/usr/bin/arch -k       = unknown
/usr/convex/getsysinfo = unknown
/usr/bin/hostinfo      = unknown
/bin/machine           = unknown
/usr/bin/oslevel       = unknown
/bin/universe          = unknown

PATH: /usr/local/sbin
PATH: /usr/local/bin
PATH: /usr/sbin
PATH: /usr/bin
PATH: /sbin
PATH: /bin
PATH: /usr/games
PATH: /usr/local/games


## ----------- ##
## Core tests. ##
## ----------- ##

configure:2523: checking whether make supports nested variables
configure:2540: result: yes
configure:2625: checking for gcc
configure:2641: found /usr/bin/gcc
configure:2652: result: gcc
configure:2881: checking for C compiler version
configure:2890: gcc --version >&5
gcc (Ubuntu 4.8.2-19ubuntu1) 4.8.2
Copyright (C) 2013 Free Software Foundation, Inc.
This is free software; see the source for copying conditions.  There is NO
warranty; not even for MERCHANTABILITY or FITNESS FOR A PARTICULAR PURPOSE.

configure:2901: $? = 0
configure:2890: gcc -v >&5
Using built-in specs.
COLLECT_GCC=gcc
COLLECT_LTO_WRAPPER=/usr/lib/gcc/x86_64-linux-gnu/4.8/lto-wrapper
Target: x86_64-linux-gnu
Configured with: ../src/configure -v --with-pkgversion='Ubuntu 4.8.2-19ubuntu1' --with-bugurl=file:///usr/share/doc/gcc-4.8/README.Bugs --enable-languages=c,c++,java,go,d,fortran,objc,obj-c++ --prefix=/usr --program-suffix=-4.8 --enable-shared --enable-linker-build-id --libexecdir=/usr/lib --without-included-gettext --enable-threads=posix --with-gxx-include-dir=/usr/include/c++/4.8 --libdir=/usr/lib --enable-nls --with-sysroot=/ --enable-clocale=gnu --enable-libstdcxx-debug --enable-libstdcxx-time=yes --enable-gnu-unique-object --disable-libmudflap --enable-plugin --with-system-zlib --disable-browser-plugin --enable-java-awt=gtk --enable-gtk-cairo --with-java-home=/usr/lib/jvm/java-1.5.0-gcj-4.8-amd64/jre --enable-java-home --with-jvm-root-dir=/usr/lib/jvm/java-1.5.0-gcj-4.8-amd64 --with-jvm-jar-dir=/usr/lib/jvm-exports/java-1.5.0-gcj-4.8-amd64 --with-arch-directory=amd64 --with-ecj-jar=/usr/share/java/eclipse-ecj.jar --enable-objc-gc --enable-multiarch --disable-werror --with-arch-32=i686 --with-abi=m64 --with-multilib-list=m32,m64,mx32 --with-tune=generic --enable-checking=release --build=x86_64-linux-gnu --host=x86_64-linux-gnu --target=x86_64-linux-gnu
Thread model: posix
gcc version 4.8.2 (Ubuntu 4.8.2-19ubuntu1) 
configure:2901: $? = 0
configure:2890: gcc -V >&5
gcc: error: unrecognized command line option '-V'
gcc: fatal error: no input files
compilation terminated.
configure:2901: $? = 4
configure:2890: gcc -qversion >&5
gcc: error: unrecognized command line option '-qversion'
gcc: fatal error: no input files
compilation terminated.
configure:2901: $? = 4
configure:2921: checking whether the C compiler works
configure:2943: gcc    conftest.c  >&5
configure:2947: $? = 0
configure:2995: result: yes
configure:2998: checking for C compiler default output file name
configure:3000: result: a.out
configure:3006: checking for suffix of executables
configure:3013: gcc -o conftest    conftest.c  >&5
configure:3017: $? = 0
configure:3039: result: 
configure:3061: checking whether we are cross compiling
configure:3069: gcc -o conftest    conftest.c  >&5
configure:3073: $? = 0
configure:3080: ./conftest
configure:3084: $? = 0
configure:3099: result: no
configure:3104: checking for suffix of object files
configure:3126: gcc -c   conftest.c >&5
configure:3130: $? = 0
configure:3151: result: o
configure:3155: checking whether we are using the GNU C compiler
configure:3174: gcc -c   conftest.c >&5
configure:3174: $? = 0
configure:3183: result: yes
configure:3192: checking whether gcc accepts -g
configure:3212: gcc -c -g  conftest.c >&5
configure:3212: $? = 0
configure:3253: result: yes
configure:3270: checking for gcc option to accept ISO C89
configure:3333: gcc  -c -g -O2  conftest.c >&5
configure:3333: $? = 0
configure:3346: result: none needed
configure:3374: checking whether gcc understands -c and -o together
configure:3396: gcc -c conftest.c -o conftest2.o
configure:3399: $? = 0
configure:3396: gcc -c conftest.c -o conftest2.o
configure:3399: $? = 0
configure:3411: result: yes
configure:3433: checking how to run the C preprocessor
configure:3464: gcc -E  conftest.c
configure:3464: $? = 0
configure:3478: gcc -E  conftest.c
conftest.c:9:28: fatal error: ac_nonexistent.h: No such file or directory
 #include <ac_nonexistent.h>
                            ^
compilation terminated.
configure:3478: $? = 1
configure: failed program was:
| /* confdefs.h */
| #define PACKAGE_NAME "libtorrent-rasterbar"
| #define PACKAGE_TARNAME "libtorrent-rasterbar"
| #define PACKAGE_VERSION "1.0.2"
| #define PACKAGE_STRING "libtorrent-rasterbar 1.0.2"
| #define PACKAGE_BUGREPORT "arvid@rasterbar.com"
| #define PACKAGE_URL "http://www.libtorrent.org"
| /* end confdefs.h.  */
| #include <ac_nonexistent.h>
configure:3503: result: gcc -E
configure:3523: gcc -E  conftest.c
configure:3523: $? = 0
configure:3537: gcc -E  conftest.c
conftest.c:9:28: fatal error: ac_nonexistent.h: No such file or directory
 #include <ac_nonexistent.h>
                            ^
compilation terminated.
configure:3537: $? = 1
configure: failed program was:
| /* confdefs.h */
| #define PACKAGE_NAME "libtorrent-rasterbar"
| #define PACKAGE_TARNAME "libtorrent-rasterbar"
| #define PACKAGE_VERSION "1.0.2"
| #define PACKAGE_STRING "libtorrent-rasterbar 1.0.2"
| #define PACKAGE_BUGREPORT "arvid@rasterbar.com"
| #define PACKAGE_URL "http://www.libtorrent.org"
| /* end confdefs.h.  */
| #include <ac_nonexistent.h>
configure:3566: checking whether gcc and cc understand -c and -o together
configure:3597: gcc -c conftest.c -o conftest2.o >&5
configure:3601: $? = 0
configure:3607: gcc -c conftest.c -o conftest2.o >&5
configure:3611: $? = 0
configure:3622: cc -c conftest.c >&5
configure:3626: $? = 0
configure:3634: cc -c conftest.c -o conftest2.o >&5
configure:3638: $? = 0
configure:3644: cc -c conftest.c -o conftest2.o >&5
configure:3648: $? = 0
configure:3666: result: yes
configure:3734: checking for g++
configure:3750: found /usr/bin/g++
configure:3761: result: g++
configure:3788: checking for C++ compiler version
configure:3797: g++ --version >&5
g++ (Ubuntu 4.8.2-19ubuntu1) 4.8.2
Copyright (C) 2013 Free Software Foundation, Inc.
This is free software; see the source for copying conditions.  There is NO
warranty; not even for MERCHANTABILITY or FITNESS FOR A PARTICULAR PURPOSE.

configure:3808: $? = 0
configure:3797: g++ -v >&5
Using built-in specs.
COLLECT_GCC=g++
COLLECT_LTO_WRAPPER=/usr/lib/gcc/x86_64-linux-gnu/4.8/lto-wrapper
Target: x86_64-linux-gnu
Configured with: ../src/configure -v --with-pkgversion='Ubuntu 4.8.2-19ubuntu1' --with-bugurl=file:///usr/share/doc/gcc-4.8/README.Bugs --enable-languages=c,c++,java,go,d,fortran,objc,obj-c++ --prefix=/usr --program-suffix=-4.8 --enable-shared --enable-linker-build-id --libexecdir=/usr/lib --without-included-gettext --enable-threads=posix --with-gxx-include-dir=/usr/include/c++/4.8 --libdir=/usr/lib --enable-nls --with-sysroot=/ --enable-clocale=gnu --enable-libstdcxx-debug --enable-libstdcxx-time=yes --enable-gnu-unique-object --disable-libmudflap --enable-plugin --with-system-zlib --disable-browser-plugin --enable-java-awt=gtk --enable-gtk-cairo --with-java-home=/usr/lib/jvm/java-1.5.0-gcj-4.8-amd64/jre --enable-java-home --with-jvm-root-dir=/usr/lib/jvm/java-1.5.0-gcj-4.8-amd64 --with-jvm-jar-dir=/usr/lib/jvm-exports/java-1.5.0-gcj-4.8-amd64 --with-arch-directory=amd64 --with-ecj-jar=/usr/share/java/eclipse-ecj.jar --enable-objc-gc --enable-multiarch --disable-werror --with-arch-32=i686 --with-abi=m64 --with-multilib-list=m32,m64,mx32 --with-tune=generic --enable-checking=release --build=x86_64-linux-gnu --host=x86_64-linux-gnu --target=x86_64-linux-gnu
Thread model: posix
gcc version 4.8.2 (Ubuntu 4.8.2-19ubuntu1) 
configure:3808: $? = 0
configure:3797: g++ -V >&5
g++: error: unrecognized command line option '-V'
g++: fatal error: no input files
compilation terminated.
configure:3808: $? = 4
configure:3797: g++ -qversion >&5
g++: error: unrecognized command line option '-qversion'
g++: fatal error: no input files
compilation terminated.
configure:3808: $? = 4
configure:3812: checking whether we are using the GNU C++ compiler
configure:3831: g++ -c   conftest.cpp >&5
configure:3831: $? = 0
configure:3840: result: yes
configure:3849: checking whether g++ accepts -g
configure:3869: g++ -c -g  conftest.cpp >&5
configure:3869: $? = 0
configure:3910: result: yes
configure:3938: checking how to run the C++ preprocessor
configure:3965: g++ -E  conftest.cpp
configure:3965: $? = 0
configure:3979: g++ -E  conftest.cpp
conftest.cpp:9:28: fatal error: ac_nonexistent.h: No such file or directory
 #include <ac_nonexistent.h>
                            ^
compilation terminated.
configure:3979: $? = 1
configure: failed program was:
| /* confdefs.h */
| #define PACKAGE_NAME "libtorrent-rasterbar"
| #define PACKAGE_TARNAME "libtorrent-rasterbar"
| #define PACKAGE_VERSION "1.0.2"
| #define PACKAGE_STRING "libtorrent-rasterbar 1.0.2"
| #define PACKAGE_BUGREPORT "arvid@rasterbar.com"
| #define PACKAGE_URL "http://www.libtorrent.org"
| /* end confdefs.h.  */
| #include <ac_nonexistent.h>
configure:4004: result: g++ -E
configure:4024: g++ -E  conftest.cpp
configure:4024: $? = 0
configure:4038: g++ -E  conftest.cpp
conftest.cpp:9:28: fatal error: ac_nonexistent.h: No such file or directory
 #include <ac_nonexistent.h>
                            ^
compilation terminated.
configure:4038: $? = 1
configure: failed program was:
| /* confdefs.h */
| #define PACKAGE_NAME "libtorrent-rasterbar"
| #define PACKAGE_TARNAME "libtorrent-rasterbar"
| #define PACKAGE_VERSION "1.0.2"
| #define PACKAGE_STRING "libtorrent-rasterbar 1.0.2"
| #define PACKAGE_BUGREPORT "arvid@rasterbar.com"
| #define PACKAGE_URL "http://www.libtorrent.org"
| /* end confdefs.h.  */
| #include <ac_nonexistent.h>
configure:4071: checking whether g++ understands -c and -o together
configure:4095: g++ -g -O2 -c conftest.cpp -o conftest2.o >&5
configure:4099: $? = 0
configure:4106: g++ -g -O2 -c conftest.cpp -o conftest2.o >&5
configure:4110: $? = 0
configure:4118: result: yes
configure:4138: checking build system type
configure:4152: result: x86_64-unknown-linux-gnu
configure:4172: checking host system type
configure:4185: result: x86_64-unknown-linux-gnu
configure:4205: checking target system type
configure:4218: result: x86_64-unknown-linux-gnu
configure:4263: checking for a BSD-compatible install
configure:4331: result: /usr/bin/install -c
configure:4342: checking whether build environment is sane
configure:4397: result: yes
configure:4545: checking for a thread-safe mkdir -p
configure:4584: result: /bin/mkdir -p
configure:4591: checking for gawk
configure:4607: found /usr/bin/gawk
configure:4618: result: gawk
configure:4629: checking whether make sets $(MAKE)
configure:4651: result: yes
configure:4681: checking for style of include used by make
configure:4709: result: GNU
configure:4806: checking dependency style of gcc
configure:4917: result: gcc3
configure:4934: checking dependency style of g++
configure:5045: result: gcc3
configure:5153: checking how to print strings
configure:5180: result: printf
configure:5201: checking for a sed that does not truncate output
configure:5265: result: /bin/sed
configure:5283: checking for grep that handles long lines and -e
configure:5341: result: /bin/grep
configure:5346: checking for egrep
configure:5408: result: /bin/grep -E
configure:5413: checking for fgrep
configure:5475: result: /bin/grep -F
configure:5510: checking for ld used by gcc
configure:5577: result: /usr/bin/ld
configure:5584: checking if the linker (/usr/bin/ld) is GNU ld
configure:5599: result: yes
configure:5611: checking for BSD- or MS-compatible name lister (nm)
configure:5660: result: /usr/bin/nm -B
configure:5790: checking the name lister (/usr/bin/nm -B) interface
configure:5797: gcc -c -g -O2  conftest.c >&5
configure:5800: /usr/bin/nm -B "conftest.o"
configure:5803: output
0000000000000000 B some_variable
configure:5810: result: BSD nm
configure:5813: checking whether ln -s works
configure:5817: result: yes
configure:5825: checking the maximum length of command line arguments
configure:5955: result: 1572864
configure:5972: checking whether the shell understands some XSI constructs
configure:5982: result: yes
configure:5986: checking whether the shell understands "+="
configure:5992: result: yes
configure:6027: checking how to convert x86_64-unknown-linux-gnu file names to x86_64-unknown-linux-gnu format
configure:6067: result: func_convert_file_noop
configure:6074: checking how to convert x86_64-unknown-linux-gnu file names to toolchain format
configure:6094: result: func_convert_file_noop
configure:6101: checking for /usr/bin/ld option to reload object files
configure:6108: result: -r
configure:6182: checking for objdump
configure:6198: found /usr/bin/objdump
configure:6209: result: objdump
configure:6241: checking how to recognize dependent libraries
configure:6443: result: pass_all
configure:6528: checking for dlltool
configure:6558: result: no
configure:6588: checking how to associate runtime and link libraries
configure:6615: result: printf %s\n
configure:6676: checking for ar
configure:6692: found /usr/bin/ar
configure:6703: result: ar
configure:6740: checking for archiver @FILE support
configure:6757: gcc -c -g -O2  conftest.c >&5
configure:6757: $? = 0
configure:6760: ar cru libconftest.a @conftest.lst >&5
configure:6763: $? = 0
configure:6768: ar cru libconftest.a @conftest.lst >&5
ar: conftest.o: No such file or directory
configure:6771: $? = 1
configure:6783: result: @
configure:6841: checking for strip
configure:6857: found /usr/bin/strip
configure:6868: result: strip
configure:6940: checking for ranlib
configure:6956: found /usr/bin/ranlib
configure:6967: result: ranlib
configure:7069: checking command to parse /usr/bin/nm -B output from gcc object
configure:7189: gcc -c -g -O2  conftest.c >&5
configure:7192: $? = 0
configure:7196: /usr/bin/nm -B conftest.o \| sed -n -e 's/^.*[ ]\([ABCDGIRSTW][ABCDGIRSTW]*\)[ ][ ]*\([_A-Za-z][_A-Za-z0-9]*\)$/\1 \2 \2/p' | sed '/ __gnu_lto/d' \> conftest.nm
configure:7199: $? = 0
configure:7265: gcc -o conftest -g -O2   conftest.c conftstm.o >&5
configure:7268: $? = 0
configure:7306: result: ok
configure:7343: checking for sysroot
configure:7373: result: no
configure:7450: gcc -c -g -O2  conftest.c >&5
configure:7453: $? = 0
configure:7629: checking for mt
configure:7645: found /bin/mt
configure:7656: result: mt
configure:7679: checking if mt is a manifest tool
configure:7685: mt '-?'
configure:7693: result: no
configure:8331: checking for ANSI C header files
configure:8351: gcc -c -g -O2  conftest.c >&5
configure:8351: $? = 0
configure:8424: gcc -o conftest -g -O2   conftest.c  >&5
configure:8424: $? = 0
configure:8424: ./conftest
configure:8424: $? = 0
configure:8435: result: yes
configure:8448: checking for sys/types.h
configure:8448: gcc -c -g -O2  conftest.c >&5
configure:8448: $? = 0
configure:8448: result: yes
configure:8448: checking for sys/stat.h
configure:8448: gcc -c -g -O2  conftest.c >&5
configure:8448: $? = 0
configure:8448: result: yes
configure:8448: checking for stdlib.h
configure:8448: gcc -c -g -O2  conftest.c >&5
configure:8448: $? = 0
configure:8448: result: yes
configure:8448: checking for string.h
configure:8448: gcc -c -g -O2  conftest.c >&5
configure:8448: $? = 0
configure:8448: result: yes
configure:8448: checking for memory.h
configure:8448: gcc -c -g -O2  conftest.c >&5
configure:8448: $? = 0
configure:8448: result: yes
configure:8448: checking for strings.h
configure:8448: gcc -c -g -O2  conftest.c >&5
configure:8448: $? = 0
configure:8448: result: yes
configure:8448: checking for inttypes.h
configure:8448: gcc -c -g -O2  conftest.c >&5
configure:8448: $? = 0
configure:8448: result: yes
configure:8448: checking for stdint.h
configure:8448: gcc -c -g -O2  conftest.c >&5
configure:8448: $? = 0
configure:8448: result: yes
configure:8448: checking for unistd.h
configure:8448: gcc -c -g -O2  conftest.c >&5
configure:8448: $? = 0
configure:8448: result: yes
configure:8462: checking for dlfcn.h
configure:8462: gcc -c -g -O2  conftest.c >&5
configure:8462: $? = 0
configure:8462: result: yes
configure:8679: checking for objdir
configure:8694: result: .libs
configure:8965: checking if gcc supports -fno-rtti -fno-exceptions
configure:8983: gcc -c -g -O2  -fno-rtti -fno-exceptions conftest.c >&5
cc1: warning: command line option '-fno-rtti' is valid for C++/ObjC++ but not for C [enabled by default]
configure:8987: $? = 0
configure:9000: result: no
configure:9327: checking for gcc option to produce PIC
configure:9334: result: -fPIC -DPIC
configure:9342: checking if gcc PIC flag -fPIC -DPIC works
configure:9360: gcc -c -g -O2  -fPIC -DPIC -DPIC conftest.c >&5
configure:9364: $? = 0
configure:9377: result: yes
configure:9406: checking if gcc static flag -static works
configure:9434: result: yes
configure:9449: checking if gcc supports -c -o file.o
configure:9470: gcc -c -g -O2  -o out/conftest2.o conftest.c >&5
configure:9474: $? = 0
configure:9496: result: yes
configure:9504: checking if gcc supports -c -o file.o
configure:9551: result: yes
configure:9584: checking whether the gcc linker (/usr/bin/ld -m elf_x86_64) supports shared libraries
configure:10737: result: yes
configure:10774: checking whether -lc should be explicitly linked in
configure:10782: gcc -c -g -O2  conftest.c >&5
configure:10785: $? = 0
configure:10800: gcc -shared  -fPIC -DPIC conftest.o  -v -Wl,-soname -Wl,conftest -o conftest 2\>\&1 \| /bin/grep  -lc  \>/dev/null 2\>\&1
configure:10803: $? = 0
configure:10817: result: no
configure:10977: checking dynamic linker characteristics
configure:11488: gcc -o conftest -g -O2   -Wl,-rpath -Wl,/foo conftest.c  >&5
configure:11488: $? = 0
configure:11710: result: GNU/Linux ld.so
configure:11817: checking how to hardcode library paths into programs
configure:11842: result: immediate
configure:12382: checking whether stripping libraries is possible
configure:12387: result: yes
configure:12422: checking if libtool supports shared libraries
configure:12424: result: yes
configure:12427: checking whether to build shared libraries
configure:12448: result: yes
configure:12451: checking whether to build static libraries
configure:12455: result: yes
configure:12478: checking how to run the C++ preprocessor
configure:12544: result: g++ -E
configure:12564: g++ -E  conftest.cpp
configure:12564: $? = 0
configure:12578: g++ -E  conftest.cpp
conftest.cpp:23:28: fatal error: ac_nonexistent.h: No such file or directory
 #include <ac_nonexistent.h>
                            ^
compilation terminated.
configure:12578: $? = 1
configure: failed program was:
| /* confdefs.h */
| #define PACKAGE_NAME "libtorrent-rasterbar"
| #define PACKAGE_TARNAME "libtorrent-rasterbar"
| #define PACKAGE_VERSION "1.0.2"
| #define PACKAGE_STRING "libtorrent-rasterbar 1.0.2"
| #define PACKAGE_BUGREPORT "arvid@rasterbar.com"
| #define PACKAGE_URL "http://www.libtorrent.org"
| #define PACKAGE "libtorrent-rasterbar"
| #define VERSION "1.0.2"
| #define STDC_HEADERS 1
| #define HAVE_SYS_TYPES_H 1
| #define HAVE_SYS_STAT_H 1
| #define HAVE_STDLIB_H 1
| #define HAVE_STRING_H 1
| #define HAVE_MEMORY_H 1
| #define HAVE_STRINGS_H 1
| #define HAVE_INTTYPES_H 1
| #define HAVE_STDINT_H 1
| #define HAVE_UNISTD_H 1
| #define HAVE_DLFCN_H 1
| #define LT_OBJDIR ".libs/"
| /* end confdefs.h.  */
| #include <ac_nonexistent.h>
configure:12747: checking for ld used by g++
configure:12814: result: /usr/bin/ld -m elf_x86_64
configure:12821: checking if the linker (/usr/bin/ld -m elf_x86_64) is GNU ld
configure:12836: result: yes
configure:12891: checking whether the g++ linker (/usr/bin/ld -m elf_x86_64) supports shared libraries
configure:13896: result: yes
configure:13932: g++ -c -g -O2  conftest.cpp >&5
configure:13935: $? = 0
configure:14455: checking for g++ option to produce PIC
configure:14462: result: -fPIC -DPIC
configure:14470: checking if g++ PIC flag -fPIC -DPIC works
configure:14488: g++ -c -g -O2  -fPIC -DPIC -DPIC conftest.cpp >&5
configure:14492: $? = 0
configure:14505: result: yes
configure:14528: checking if g++ static flag -static works
configure:14556: result: yes
configure:14568: checking if g++ supports -c -o file.o
configure:14589: g++ -c -g -O2  -o out/conftest2.o conftest.cpp >&5
configure:14593: $? = 0
configure:14615: result: yes
configure:14620: checking if g++ supports -c -o file.o
configure:14667: result: yes
configure:14697: checking whether the g++ linker (/usr/bin/ld -m elf_x86_64) supports shared libraries
configure:14733: result: yes
configure:14874: checking dynamic linker characteristics
configure:15541: result: GNU/Linux ld.so
configure:15594: checking how to hardcode library paths into programs
configure:15619: result: immediate
configure:15854: checking for the pthreads library -lpthreads
configure:15887: gcc -o conftest -g -O2    conftest.c -lpthreads  >&5
conftest.c: In function 'main':
conftest.c:28:22: warning: null argument where non-null required (argument 1) [-Wnonnull]
                      pthread_attr_init(0); pthread_cleanup_push(0, 0);
                      ^
conftest.c:29:22: warning: null argument where non-null required (argument 1) [-Wnonnull]
                      pthread_create(0,0,0,0); pthread_cleanup_pop(0);
                      ^
conftest.c:29:22: warning: null argument where non-null required (argument 3) [-Wnonnull]
/usr/bin/ld: cannot find -lpthreads
collect2: error: ld returned 1 exit status
configure:15887: $? = 1
configure: failed program was:
| /* confdefs.h */
| #define PACKAGE_NAME "libtorrent-rasterbar"
| #define PACKAGE_TARNAME "libtorrent-rasterbar"
| #define PACKAGE_VERSION "1.0.2"
| #define PACKAGE_STRING "libtorrent-rasterbar 1.0.2"
| #define PACKAGE_BUGREPORT "arvid@rasterbar.com"
| #define PACKAGE_URL "http://www.libtorrent.org"
| #define PACKAGE "libtorrent-rasterbar"
| #define VERSION "1.0.2"
| #define STDC_HEADERS 1
| #define HAVE_SYS_TYPES_H 1
| #define HAVE_SYS_STAT_H 1
| #define HAVE_STDLIB_H 1
| #define HAVE_STRING_H 1
| #define HAVE_MEMORY_H 1
| #define HAVE_STRINGS_H 1
| #define HAVE_INTTYPES_H 1
| #define HAVE_STDINT_H 1
| #define HAVE_UNISTD_H 1
| #define HAVE_DLFCN_H 1
| #define LT_OBJDIR ".libs/"
| /* end confdefs.h.  */
| #include <pthread.h>
| int
| main ()
| {
| pthread_t th; pthread_join(th, 0);
|                      pthread_attr_init(0); pthread_cleanup_push(0, 0);
|                      pthread_create(0,0,0,0); pthread_cleanup_pop(0);
|   ;
|   return 0;
| }
configure:15896: result: no
configure:15799: checking whether pthreads work without any flags
configure:15887: gcc -o conftest -g -O2    conftest.c   >&5
conftest.c: In function 'main':
conftest.c:28:22: warning: null argument where non-null required (argument 1) [-Wnonnull]
                      pthread_attr_init(0); pthread_cleanup_push(0, 0);
                      ^
conftest.c:29:22: warning: null argument where non-null required (argument 1) [-Wnonnull]
                      pthread_create(0,0,0,0); pthread_cleanup_pop(0);
                      ^
conftest.c:29:22: warning: null argument where non-null required (argument 3) [-Wnonnull]
/tmp/ccdYEBos.o: In function `main':
/vagrant/libtorrent/libtorrent-rasterbar-1.0.2/conftest.c:27: undefined reference to `pthread_join'
/vagrant/libtorrent/libtorrent-rasterbar-1.0.2/conftest.c:28: undefined reference to `__pthread_register_cancel'
/vagrant/libtorrent/libtorrent-rasterbar-1.0.2/conftest.c:29: undefined reference to `pthread_create'
/vagrant/libtorrent/libtorrent-rasterbar-1.0.2/conftest.c:29: undefined reference to `__pthread_unregister_cancel'
collect2: error: ld returned 1 exit status
configure:15887: $? = 1
configure: failed program was:
| /* confdefs.h */
| #define PACKAGE_NAME "libtorrent-rasterbar"
| #define PACKAGE_TARNAME "libtorrent-rasterbar"
| #define PACKAGE_VERSION "1.0.2"
| #define PACKAGE_STRING "libtorrent-rasterbar 1.0.2"
| #define PACKAGE_BUGREPORT "arvid@rasterbar.com"
| #define PACKAGE_URL "http://www.libtorrent.org"
| #define PACKAGE "libtorrent-rasterbar"
| #define VERSION "1.0.2"
| #define STDC_HEADERS 1
| #define HAVE_SYS_TYPES_H 1
| #define HAVE_SYS_STAT_H 1
| #define HAVE_STDLIB_H 1
| #define HAVE_STRING_H 1
| #define HAVE_MEMORY_H 1
| #define HAVE_STRINGS_H 1
| #define HAVE_INTTYPES_H 1
| #define HAVE_STDINT_H 1
| #define HAVE_UNISTD_H 1
| #define HAVE_DLFCN_H 1
| #define LT_OBJDIR ".libs/"
| /* end confdefs.h.  */
| #include <pthread.h>
| int
| main ()
| {
| pthread_t th; pthread_join(th, 0);
|                      pthread_attr_init(0); pthread_cleanup_push(0, 0);
|                      pthread_create(0,0,0,0); pthread_cleanup_pop(0);
|   ;
|   return 0;
| }
configure:15896: result: no
configure:15804: checking whether pthreads work with -Kthread
configure:15887: gcc -o conftest -g -O2 -Kthread   conftest.c   >&5
gcc: error: unrecognized command line option '-Kthread'
configure:15887: $? = 1
configure: failed program was:
| /* confdefs.h */
| #define PACKAGE_NAME "libtorrent-rasterbar"
| #define PACKAGE_TARNAME "libtorrent-rasterbar"
| #define PACKAGE_VERSION "1.0.2"
| #define PACKAGE_STRING "libtorrent-rasterbar 1.0.2"
| #define PACKAGE_BUGREPORT "arvid@rasterbar.com"
| #define PACKAGE_URL "http://www.libtorrent.org"
| #define PACKAGE "libtorrent-rasterbar"
| #define VERSION "1.0.2"
| #define STDC_HEADERS 1
| #define HAVE_SYS_TYPES_H 1
| #define HAVE_SYS_STAT_H 1
| #define HAVE_STDLIB_H 1
| #define HAVE_STRING_H 1
| #define HAVE_MEMORY_H 1
| #define HAVE_STRINGS_H 1
| #define HAVE_INTTYPES_H 1
| #define HAVE_STDINT_H 1
| #define HAVE_UNISTD_H 1
| #define HAVE_DLFCN_H 1
| #define LT_OBJDIR ".libs/"
| /* end confdefs.h.  */
| #include <pthread.h>
| int
| main ()
| {
| pthread_t th; pthread_join(th, 0);
|                      pthread_attr_init(0); pthread_cleanup_push(0, 0);
|                      pthread_create(0,0,0,0); pthread_cleanup_pop(0);
|   ;
|   return 0;
| }
configure:15896: result: no
configure:15804: checking whether pthreads work with -kthread
configure:15887: gcc -o conftest -g -O2 -kthread   conftest.c   >&5
gcc: error: unrecognized command line option '-kthread'
configure:15887: $? = 1
configure: failed program was:
| /* confdefs.h */
| #define PACKAGE_NAME "libtorrent-rasterbar"
| #define PACKAGE_TARNAME "libtorrent-rasterbar"
| #define PACKAGE_VERSION "1.0.2"
| #define PACKAGE_STRING "libtorrent-rasterbar 1.0.2"
| #define PACKAGE_BUGREPORT "arvid@rasterbar.com"
| #define PACKAGE_URL "http://www.libtorrent.org"
| #define PACKAGE "libtorrent-rasterbar"
| #define VERSION "1.0.2"
| #define STDC_HEADERS 1
| #define HAVE_SYS_TYPES_H 1
| #define HAVE_SYS_STAT_H 1
| #define HAVE_STDLIB_H 1
| #define HAVE_STRING_H 1
| #define HAVE_MEMORY_H 1
| #define HAVE_STRINGS_H 1
| #define HAVE_INTTYPES_H 1
| #define HAVE_STDINT_H 1
| #define HAVE_UNISTD_H 1
| #define HAVE_DLFCN_H 1
| #define LT_OBJDIR ".libs/"
| /* end confdefs.h.  */
| #include <pthread.h>
| int
| main ()
| {
| pthread_t th; pthread_join(th, 0);
|                      pthread_attr_init(0); pthread_cleanup_push(0, 0);
|                      pthread_create(0,0,0,0); pthread_cleanup_pop(0);
|   ;
|   return 0;
| }
configure:15896: result: no
configure:15854: checking for the pthreads library -llthread
configure:15887: gcc -o conftest -g -O2    conftest.c -llthread  >&5
conftest.c: In function 'main':
conftest.c:28:22: warning: null argument where non-null required (argument 1) [-Wnonnull]
                      pthread_attr_init(0); pthread_cleanup_push(0, 0);
                      ^
conftest.c:29:22: warning: null argument where non-null required (argument 1) [-Wnonnull]
                      pthread_create(0,0,0,0); pthread_cleanup_pop(0);
                      ^
conftest.c:29:22: warning: null argument where non-null required (argument 3) [-Wnonnull]
/usr/bin/ld: cannot find -llthread
collect2: error: ld returned 1 exit status
configure:15887: $? = 1
configure: failed program was:
| /* confdefs.h */
| #define PACKAGE_NAME "libtorrent-rasterbar"
| #define PACKAGE_TARNAME "libtorrent-rasterbar"
| #define PACKAGE_VERSION "1.0.2"
| #define PACKAGE_STRING "libtorrent-rasterbar 1.0.2"
| #define PACKAGE_BUGREPORT "arvid@rasterbar.com"
| #define PACKAGE_URL "http://www.libtorrent.org"
| #define PACKAGE "libtorrent-rasterbar"
| #define VERSION "1.0.2"
| #define STDC_HEADERS 1
| #define HAVE_SYS_TYPES_H 1
| #define HAVE_SYS_STAT_H 1
| #define HAVE_STDLIB_H 1
| #define HAVE_STRING_H 1
| #define HAVE_MEMORY_H 1
| #define HAVE_STRINGS_H 1
| #define HAVE_INTTYPES_H 1
| #define HAVE_STDINT_H 1
| #define HAVE_UNISTD_H 1
| #define HAVE_DLFCN_H 1
| #define LT_OBJDIR ".libs/"
| /* end confdefs.h.  */
| #include <pthread.h>
| int
| main ()
| {
| pthread_t th; pthread_join(th, 0);
|                      pthread_attr_init(0); pthread_cleanup_push(0, 0);
|                      pthread_create(0,0,0,0); pthread_cleanup_pop(0);
|   ;
|   return 0;
| }
configure:15896: result: no
configure:15804: checking whether pthreads work with -lpthread
configure:15887: gcc -o conftest -g -O2 -lpthread   conftest.c   >&5
conftest.c: In function 'main':
conftest.c:28:22: warning: null argument where non-null required (argument 1) [-Wnonnull]
                      pthread_attr_init(0); pthread_cleanup_push(0, 0);
                      ^
conftest.c:29:22: warning: null argument where non-null required (argument 1) [-Wnonnull]
                      pthread_create(0,0,0,0); pthread_cleanup_pop(0);
                      ^
conftest.c:29:22: warning: null argument where non-null required (argument 3) [-Wnonnull]
/tmp/cc8yn9AC.o: In function `main':
/vagrant/libtorrent/libtorrent-rasterbar-1.0.2/conftest.c:27: undefined reference to `pthread_join'
/vagrant/libtorrent/libtorrent-rasterbar-1.0.2/conftest.c:28: undefined reference to `__pthread_register_cancel'
/vagrant/libtorrent/libtorrent-rasterbar-1.0.2/conftest.c:29: undefined reference to `pthread_create'
/vagrant/libtorrent/libtorrent-rasterbar-1.0.2/conftest.c:29: undefined reference to `__pthread_unregister_cancel'
collect2: error: ld returned 1 exit status
configure:15887: $? = 1
configure: failed program was:
| /* confdefs.h */
| #define PACKAGE_NAME "libtorrent-rasterbar"
| #define PACKAGE_TARNAME "libtorrent-rasterbar"
| #define PACKAGE_VERSION "1.0.2"
| #define PACKAGE_STRING "libtorrent-rasterbar 1.0.2"
| #define PACKAGE_BUGREPORT "arvid@rasterbar.com"
| #define PACKAGE_URL "http://www.libtorrent.org"
| #define PACKAGE "libtorrent-rasterbar"
| #define VERSION "1.0.2"
| #define STDC_HEADERS 1
| #define HAVE_SYS_TYPES_H 1
| #define HAVE_SYS_STAT_H 1
| #define HAVE_STDLIB_H 1
| #define HAVE_STRING_H 1
| #define HAVE_MEMORY_H 1
| #define HAVE_STRINGS_H 1
| #define HAVE_INTTYPES_H 1
| #define HAVE_STDINT_H 1
| #define HAVE_UNISTD_H 1
| #define HAVE_DLFCN_H 1
| #define LT_OBJDIR ".libs/"
| /* end confdefs.h.  */
| #include <pthread.h>
| int
| main ()
| {
| pthread_t th; pthread_join(th, 0);
|                      pthread_attr_init(0); pthread_cleanup_push(0, 0);
|                      pthread_create(0,0,0,0); pthread_cleanup_pop(0);
|   ;
|   return 0;
| }
configure:15896: result: no
configure:15804: checking whether pthreads work with -pthread
configure:15887: gcc -o conftest -g -O2 -pthread   conftest.c   >&5
conftest.c: In function 'main':
conftest.c:28:22: warning: null argument where non-null required (argument 1) [-Wnonnull]
                      pthread_attr_init(0); pthread_cleanup_push(0, 0);
                      ^
conftest.c:29:22: warning: null argument where non-null required (argument 1) [-Wnonnull]
                      pthread_create(0,0,0,0); pthread_cleanup_pop(0);
                      ^
conftest.c:29:22: warning: null argument where non-null required (argument 3) [-Wnonnull]
configure:15887: $? = 0
configure:15896: result: yes
configure:15915: checking for joinable pthread attribute
configure:15930: gcc -o conftest -g -O2 -pthread   conftest.c   >&5
configure:15930: $? = 0
configure:15936: result: PTHREAD_CREATE_JOINABLE
configure:15946: checking if more special flags are required for pthreads
configure:15953: result: no
configure:16044: checking whether to check for GCC pthread/shared inconsistencies
configure:16057: gcc -o conftest -shared -fPIC -Wl,-z,defs -g -O2 -pthread   conftest.c   >&5
configure:16057: $? = 0
configure:16069: result: yes
configure:16111: checking whether -lpthread fixes that
configure:16127: gcc -o conftest -shared -fPIC -Wl,-z,defs -g -O2 -pthread   conftest.c -lpthread   >&5
conftest.c: In function 'main':
conftest.c:28:15: warning: null argument where non-null required (argument 1) [-Wnonnull]
               pthread_attr_init(0); pthread_cleanup_push(0, 0);
               ^
conftest.c:29:15: warning: null argument where non-null required (argument 1) [-Wnonnull]
               pthread_create(0,0,0,0); pthread_cleanup_pop(0);
               ^
conftest.c:29:15: warning: null argument where non-null required (argument 3) [-Wnonnull]
configure:16127: $? = 0
configure:16134: result: yes
configure:16222: checking for __attribute__((visibility("hidden")))
configure:16231: gcc -fvisibility=hidden -S visibility_conftest.c -o visibility_conftest.s 1>&5
configure:16234: $? = 0
configure:16245: result: yes
configure:16299: checking for boostlib >= 1.36
configure:16373: g++ -c -g -O2 -ftemplate-depth=120 -fvisibility-inlines-hidden  -I/usr/include conftest.cpp >&5
configure:16373: $? = 0
configure:16375: result: yes
configure:16554: checking whether the Boost::System library is available
configure:16578: g++ -c -g -O2 -ftemplate-depth=120 -fvisibility-inlines-hidden  -I/usr/include conftest.cpp >&5
configure:16578: $? = 0
configure:16593: result: yes
configure:16608: checking for exit in -lboost_system
configure:16633: gcc -o conftest -pthread -g -O2 -fvisibility=hidden  -I/usr/include  -L/usr/lib/x86_64-linux-gnu conftest.c -lboost_system  -lpthread   >&5
conftest.c:33:6: warning: conflicting types for built-in function 'exit' [enabled by default]
 char exit ();
      ^
configure:16633: $? = 0
configure:16643: result: yes
configure:16825: checking for pkg-config
configure:16858: result: no
configure:16903: checking for special C compiler options needed for large files
configure:16948: result: no
configure:16954: checking for _FILE_OFFSET_BITS value needed for large files
configure:16979: gcc -c -pthread -g -O2 -fvisibility=hidden -I/usr/include  conftest.c >&5
configure:16979: $? = 0
configure:17011: result: no
configure:17097: checking whether ln -s works
configure:17101: result: yes
configure:17108: checking whether make sets $(MAKE)
configure:17130: result: yes
configure:17143: checking for gethostbyname
configure:17143: gcc -o conftest -pthread -g -O2 -fvisibility=hidden -I/usr/include  -L/usr/lib/x86_64-linux-gnu  conftest.c -lpthread   >&5
configure:17143: $? = 0
configure:17143: result: yes
configure:17366: checking for gethostbyname_r
configure:17366: gcc -o conftest -pthread -g -O2 -fvisibility=hidden -I/usr/include  -L/usr/lib/x86_64-linux-gnu  conftest.c -lpthread   >&5
configure:17366: $? = 0
configure:17366: result: yes
configure:17394: checking for clock_gettime
configure:17394: gcc -o conftest -pthread -g -O2 -fvisibility=hidden -I/usr/include  -L/usr/lib/x86_64-linux-gnu  conftest.c -lpthread   >&5
configure:17394: $? = 0
configure:17394: result: yes
configure:17670: checking whether deprecated functions should be enabled
configure:17675: result: yes
configure:17694: checking whether debug build should be enabled
configure:17709: result: no
configure:17724: checking whether invariant check should be enabled
configure:17737: result: no
configure:17764: checking whether logging to disk should be enabled
configure:17778: result: no
configure:17806: checking whether statistics logging should be enabled
configure:17819: result: no
configure:17829: checking whether disk activity logging should be enabled
configure:17842: result: no
configure:17855: checking whether encryption support should be enabled
configure:17860: result: yes
configure:17862: encryption support: now checking for the OpenSSL library...
configure:17885: checking for pkg-config
configure:17918: result: no
configure:17948: checking for openssl/ssl.h in /usr/local/ssl
configure:17959: result: no
configure:17948: checking for openssl/ssl.h in /usr/lib/ssl
configure:17959: result: no
configure:17948: checking for openssl/ssl.h in /usr/ssl
configure:17959: result: no
configure:17948: checking for openssl/ssl.h in /usr/pkg
configure:17959: result: no
configure:17948: checking for openssl/ssl.h in /usr/local
configure:17959: result: no
configure:17948: checking for openssl/ssl.h in /usr
configure:17955: result: yes
configure:17971: checking whether compiling and linking against OpenSSL works
Trying link with OPENSSL_LDFLAGS=-L/usr/lib; OPENSSL_LIBS=-lssl -lcrypto; OPENSSL_INCLUDES=-I/usr/include
configure:17993: gcc -o conftest -pthread -g -O2 -fvisibility=hidden -I/usr/include -I/usr/include  -L/usr/lib/x86_64-linux-gnu  -L/usr/lib conftest.c -lssl -lcrypto -lpthread   >&5
configure:17993: $? = 0
configure:17995: result: yes
configure:18040: checking whether geoip support should be enabled
configure:18045: result: yes
configure:18064: checking whether dht support should be enabled
configure:18069: result: yes
configure:18097: checking whether pool allocators should be enabled
configure:18102: result: yes
configure:18123: checking whether example files should be built
configure:18130: result: no
configure:18139: checking whether test files should be built
configure:18146: result: no
configure:18155: checking whether python bindings should be built
configure:18160: result: yes
configure:18198: checking for a Python interpreter with version >= 2.4
configure:18215: python -c import sys # split strings by '.' and convert to numeric. Append some zeros # because we need at least 4 digits for the hex conversion. # map returns an iterator in Python 3.0 and a list in 2.x minver = list(map(int, '2.4'.split('.'))) + [0, 0, 0] minverhex = 0 # xrange is not present in Python 3.0 and range returns an iterator for i in list(range(0, 4)): minverhex = (minverhex << 8) + minver[i] sys.exit(sys.hexversion < minverhex)
configure:18218: $? = 0
configure:18224: result: python
configure:18232: checking for python
configure:18250: found /usr/bin/python
configure:18262: result: /usr/bin/python
configure:18280: checking for python version
configure:18287: result: 2.7
configure:18299: checking for python platform
configure:18306: result: linux2
configure:18332: checking for python script directory
configure:18367: result: ${prefix}/lib/python2.7/dist-packages
configure:18376: checking for python extension module directory
configure:18411: result: ${exec_prefix}/lib/python2.7/dist-packages
configure:18432: checking for python2.7
configure:18462: result: /usr/bin/python
configure:18478: checking for a version of Python >= '2.1.0'
configure:18504: result: yes
configure:18512: checking for a version of Python >= '2.4'
configure:18518: result: yes
configure:18535: checking for the distutils Python package
configure:18539: result: yes
configure:18553: checking for Python include path
configure:18563: result: -I/usr/include/python2.7
configure:18570: checking for Python library path
configure:18655: result: -L/usr/lib -lpython2.7
configure:18662: checking for Python site-packages path
configure:18668: result: /usr/lib/python2.7/dist-packages
configure:18675: checking python extra libraries
configure:18682: result: -L/usr/lib -lz -lpthread -ldl  -lutil
configure:18689: checking consistency of all components of python development environment
configure:18715: gcc -o conftest -pthread -g -O2 -fvisibility=hidden -I/usr/include  -I/usr/include/python2.7 -L/usr/lib/x86_64-linux-gnu  conftest.c -lpthread   -L/usr/lib -lpython2.7 -L/usr/lib -lz -lpthread -ldl  -lutil >&5
configure:18715: $? = 0
configure:18732: result: yes
configure:18757: checking whether the Boost::Python library is available
configure:18787: g++ -c -g -O2 -ftemplate-depth=120 -fvisibility-inlines-hidden -I/usr/include/python2.7 -I/usr/include  conftest.cpp >&5
configure:18787: $? = 0
configure:18802: result: yes
configure:18824: checking for main in -lboost_python
configure:18843: gcc -o conftest -pthread -g -O2 -fvisibility=hidden -I/usr/include  -L/usr/lib/x86_64-linux-gnu  -L/usr/lib -lpython2.7 conftest.c -lboost_python  -lpthread   >&5
configure:18843: $? = 0
configure:18853: result: yes
configure:18884: checking for FIEMAP support
configure:18888: checking linux/types.h usability
configure:18888: gcc -c -pthread -g -O2 -fvisibility=hidden -I/usr/include  conftest.c >&5
configure:18888: $? = 0
configure:18888: result: yes
configure:18888: checking linux/types.h presence
configure:18888: gcc -E -I/usr/include  conftest.c
configure:18888: $? = 0
configure:18888: result: yes
configure:18888: checking for linux/types.h
configure:18888: result: yes
configure:18900: checking for linux/fiemap.h
configure:18900: gcc -c -pthread -g -O2 -fvisibility=hidden -I/usr/include  conftest.c >&5
configure:18900: $? = 0
configure:18900: result: yes
configure:18916: checking whether to link against system libgeoip
configure:19175: result: no
configure:19192: checking whether to link against system libiconv
configure:19212: checking for shared library run path origin
configure:19225: result: done
configure:20061: checking that generated files are newer than configure
configure:20067: result: done
configure:20118: creating ./config.status

## ---------------------- ##
## Running config.status. ##
## ---------------------- ##

This file was extended by libtorrent-rasterbar config.status 1.0.2, which was
generated by GNU Autoconf 2.69.  Invocation command line was

  CONFIG_FILES    = 
  CONFIG_HEADERS  = 
  CONFIG_LINKS    = 
  CONFIG_COMMANDS = 
  $ ./config.status 

on vagrant-ubuntu-trusty-64

config.status:1132: creating Makefile
config.status:1132: creating src/Makefile
config.status:1132: creating include/libtorrent/Makefile
config.status:1132: creating examples/Makefile
config.status:1132: creating test/Makefile
config.status:1132: creating tools/Makefile
config.status:1132: creating bindings/Makefile
config.status:1132: creating bindings/python/Makefile
config.status:1132: creating bindings/python/link_flags
config.status:1132: creating bindings/python/compile_flags
config.status:1132: creating libtorrent-rasterbar.pc
config.status:1132: creating libtorrent-rasterbar-cmake.pc
config.status:1304: executing depfiles commands
config.status:1304: executing libtool commands

## ---------------- ##
## Cache variables. ##
## ---------------- ##

ac_cv_boost_python=yes
ac_cv_build=x86_64-unknown-linux-gnu
ac_cv_c_compiler_gnu=yes
ac_cv_cxx_compiler_gnu=yes
ac_cv_env_CCC_set=
ac_cv_env_CCC_value=
ac_cv_env_CC_set=
ac_cv_env_CC_value=
ac_cv_env_CFLAGS_set=
ac_cv_env_CFLAGS_value=
ac_cv_env_CPPFLAGS_set=
ac_cv_env_CPPFLAGS_value=
ac_cv_env_CPP_set=
ac_cv_env_CPP_value=
ac_cv_env_CXXCPP_set=
ac_cv_env_CXXCPP_value=
ac_cv_env_CXXFLAGS_set=
ac_cv_env_CXXFLAGS_value=
ac_cv_env_CXX_set=
ac_cv_env_CXX_value=
ac_cv_env_GEOIP_CFLAGS_set=
ac_cv_env_GEOIP_CFLAGS_value=
ac_cv_env_GEOIP_LIBS_set=
ac_cv_env_GEOIP_LIBS_value=
ac_cv_env_LDFLAGS_set=
ac_cv_env_LDFLAGS_value=
ac_cv_env_LIBS_set=
ac_cv_env_LIBS_value=
ac_cv_env_PKG_CONFIG_set=
ac_cv_env_PKG_CONFIG_value=
ac_cv_env_PYTHON_INSTALL_PARAMS_set=
ac_cv_env_PYTHON_INSTALL_PARAMS_value=
ac_cv_env_PYTHON_VERSION_set=
ac_cv_env_PYTHON_VERSION_value=
ac_cv_env_PYTHON_set=
ac_cv_env_PYTHON_value=
ac_cv_env_build_alias_set=
ac_cv_env_build_alias_value=
ac_cv_env_host_alias_set=
ac_cv_env_host_alias_value=
ac_cv_env_target_alias_set=
ac_cv_env_target_alias_value=
ac_cv_func_clock_gettime=yes
ac_cv_func_gethostbyname=yes
ac_cv_func_gethostbyname_r=yes
ac_cv_header_dlfcn_h=yes
ac_cv_header_inttypes_h=yes
ac_cv_header_linux_fiemap_h=yes
ac_cv_header_linux_types_h=yes
ac_cv_header_memory_h=yes
ac_cv_header_stdc=yes
ac_cv_header_stdint_h=yes
ac_cv_header_stdlib_h=yes
ac_cv_header_string_h=yes
ac_cv_header_strings_h=yes
ac_cv_header_sys_stat_h=yes
ac_cv_header_sys_types_h=yes
ac_cv_header_unistd_h=yes
ac_cv_hidden_visibility_attribute=yes
ac_cv_host=x86_64-unknown-linux-gnu
ac_cv_lib_boost_python___main=yes
ac_cv_lib_boost_system___exit=yes
ac_cv_objext=o
ac_cv_path_EGREP='/bin/grep -E'
ac_cv_path_FGREP='/bin/grep -F'
ac_cv_path_GREP=/bin/grep
ac_cv_path_PYTHON=/usr/bin/python
ac_cv_path_SED=/bin/sed
ac_cv_path_install='/usr/bin/install -c'
ac_cv_path_mkdir=/bin/mkdir
ac_cv_prog_AWK=gawk
ac_cv_prog_CPP='gcc -E'
ac_cv_prog_CXXCPP='g++ -E'
ac_cv_prog_ac_ct_AR=ar
ac_cv_prog_ac_ct_CC=gcc
ac_cv_prog_ac_ct_CXX=g++
ac_cv_prog_ac_ct_MANIFEST_TOOL=mt
ac_cv_prog_ac_ct_OBJDUMP=objdump
ac_cv_prog_ac_ct_RANLIB=ranlib
ac_cv_prog_ac_ct_STRIP=strip
ac_cv_prog_cc_c89=
ac_cv_prog_cc_g=yes
ac_cv_prog_cc_gcc_c_o=yes
ac_cv_prog_cxx_c_o=yes
ac_cv_prog_cxx_g=yes
ac_cv_prog_make_make_set=yes
ac_cv_sys_file_offset_bits=no
ac_cv_sys_largefile_CC=no
ac_cv_target=x86_64-unknown-linux-gnu
acl_cv_hardcode_direct=no
acl_cv_hardcode_libdir_flag_spec='${wl}-rpath ${wl}$libdir'
acl_cv_hardcode_libdir_separator=
acl_cv_hardcode_minus_L=no
acl_cv_libext=a
acl_cv_rpath=done
acl_cv_shlibext=so
acl_cv_wl=-Wl,
am_cv_CC_dependencies_compiler_type=gcc3
am_cv_CXX_dependencies_compiler_type=gcc3
am_cv_make_support_nested_variables=yes
am_cv_pathless_PYTHON=python
am_cv_prog_cc_c_o=yes
am_cv_python_platform=linux2
am_cv_python_pyexecdir='${exec_prefix}/lib/python2.7/dist-packages'
am_cv_python_pythondir='${prefix}/lib/python2.7/dist-packages'
am_cv_python_version=2.7
ax_cv_boost_system=yes
lt_cv_ar_at_file=@
lt_cv_archive_cmds_need_lc=no
lt_cv_deplibs_check_method=pass_all
lt_cv_file_magic_cmd='$MAGIC_CMD'
lt_cv_file_magic_test_file=
lt_cv_ld_reload_flag=-r
lt_cv_nm_interface='BSD nm'
lt_cv_objdir=.libs
lt_cv_path_LD=/usr/bin/ld
lt_cv_path_LDCXX='/usr/bin/ld -m elf_x86_64'
lt_cv_path_NM='/usr/bin/nm -B'
lt_cv_path_mainfest_tool=no
lt_cv_prog_compiler_c_o=yes
lt_cv_prog_compiler_c_o_CXX=yes
lt_cv_prog_compiler_pic='-fPIC -DPIC'
lt_cv_prog_compiler_pic_CXX='-fPIC -DPIC'
lt_cv_prog_compiler_pic_works=yes
lt_cv_prog_compiler_pic_works_CXX=yes
lt_cv_prog_compiler_rtti_exceptions=no
lt_cv_prog_compiler_static_works=yes
lt_cv_prog_compiler_static_works_CXX=yes
lt_cv_prog_gnu_ld=yes
lt_cv_prog_gnu_ldcxx=yes
lt_cv_sharedlib_from_linklib_cmd='printf %s\n'
lt_cv_shlibpath_overrides_runpath=no
lt_cv_sys_global_symbol_pipe='sed -n -e '\''s/^.*[	 ]\([ABCDGIRSTW][ABCDGIRSTW]*\)[	 ][	 ]*\([_A-Za-z][_A-Za-z0-9]*\)$/\1 \2 \2/p'\'' | sed '\''/ __gnu_lto/d'\'''
lt_cv_sys_global_symbol_to_c_name_address='sed -n -e '\''s/^: \([^ ]*\)[ ]*$/  {\"\1\", (void *) 0},/p'\'' -e '\''s/^[ABCDGIRSTW]* \([^ ]*\) \([^ ]*\)$/  {"\2", (void *) \&\2},/p'\'''
lt_cv_sys_global_symbol_to_c_name_address_lib_prefix='sed -n -e '\''s/^: \([^ ]*\)[ ]*$/  {\"\1\", (void *) 0},/p'\'' -e '\''s/^[ABCDGIRSTW]* \([^ ]*\) \(lib[^ ]*\)$/  {"\2", (void *) \&\2},/p'\'' -e '\''s/^[ABCDGIRSTW]* \([^ ]*\) \([^ ]*\)$/  {"lib\2", (void *) \&\2},/p'\'''
lt_cv_sys_global_symbol_to_cdecl='sed -n -e '\''s/^T .* \(.*\)$/extern int \1();/p'\'' -e '\''s/^[ABCDGIRSTW]* .* \(.*\)$/extern char \1;/p'\'''
lt_cv_sys_max_cmd_len=1572864
lt_cv_to_host_file_cmd=func_convert_file_noop
lt_cv_to_tool_file_cmd=func_convert_file_noop

## ----------------- ##
## Output variables. ##
## ----------------- ##

ACLOCAL='${SHELL} /vagrant/libtorrent/libtorrent-rasterbar-1.0.2/build-aux/missing aclocal-1.14'
AMDEPBACKSLASH='\'
AMDEP_FALSE='#'
AMDEP_TRUE=''
AMTAR='$${TAR-tar}'
AM_BACKSLASH='\'
AM_DEFAULT_V='$(AM_DEFAULT_VERBOSITY)'
AM_DEFAULT_VERBOSITY='0'
AM_V='$(V)'
AR='ar'
AUTOCONF='${SHELL} /vagrant/libtorrent/libtorrent-rasterbar-1.0.2/build-aux/missing autoconf'
AUTOHEADER='${SHELL} /vagrant/libtorrent/libtorrent-rasterbar-1.0.2/build-aux/missing autoheader'
AUTOMAKE='${SHELL} /vagrant/libtorrent/libtorrent-rasterbar-1.0.2/build-aux/missing automake-1.14'
AWK='gawk'
BOOST_CPPFLAGS='-I/usr/include'
BOOST_LDFLAGS='-L/usr/lib/x86_64-linux-gnu'
BOOST_PYTHON_LIB='-lboost_python'
BOOST_SYSTEM_LIB='-lboost_system'
CC='gcc'
CCDEPMODE='depmode=gcc3'
CFLAGS='-pthread -g -O2 -fvisibility=hidden'
COMPILETIME_OPTIONS=' -DTORRENT_USE_OPENSSL  -DWITH_SHIPPED_GEOIP_H  -DBOOST_ASIO_HASH_MAP_BUCKETS=1021  -DBOOST_EXCEPTION_DISABLE  -DBOOST_ASIO_ENABLE_CANCELIO  -DBOOST_ASIO_DYN_LINK -DTORRENT_LINKING_SHARED '
CPP='gcc -E'
CPPFLAGS='-I/usr/include '
CXX='g++'
CXXCPP='g++ -E'
CXXDEPMODE='depmode=gcc3'
CXXFLAGS='-g -O2 -ftemplate-depth=120 -fvisibility-inlines-hidden'
CYGPATH_W='echo'
DEBUGFLAGS='-Os'
DEFS='-DPACKAGE_NAME=\"libtorrent-rasterbar\" -DPACKAGE_TARNAME=\"libtorrent-rasterbar\" -DPACKAGE_VERSION=\"1.0.2\" -DPACKAGE_STRING=\"libtorrent-rasterbar\ 1.0.2\" -DPACKAGE_BUGREPORT=\"arvid@rasterbar.com\" -DPACKAGE_URL=\"http://www.libtorrent.org\" -DPACKAGE=\"libtorrent-rasterbar\" -DVERSION=\"1.0.2\" -DSTDC_HEADERS=1 -DHAVE_SYS_TYPES_H=1 -DHAVE_SYS_STAT_H=1 -DHAVE_STDLIB_H=1 -DHAVE_STRING_H=1 -DHAVE_MEMORY_H=1 -DHAVE_STRINGS_H=1 -DHAVE_INTTYPES_H=1 -DHAVE_STDINT_H=1 -DHAVE_UNISTD_H=1 -DHAVE_DLFCN_H=1 -DLT_OBJDIR=\".libs/\" -DHAVE_PTHREAD=1 -DHAVE_BOOST=/\*\*/ -DHAVE_BOOST_SYSTEM=1 -DHAVE_GETHOSTBYNAME=1 -DHAVE_GETHOSTBYNAME_R=1 -DGETHOSTBYNAME_R_RETURNS_INT=1 -DHAVE_CLOCK_GETTIME=1 -DNDEBUG=1 -DTORRENT_USE_OPENSSL=1 -DHAVE_PYTHON=\"2.7\" -DHAVE_BOOST_PYTHON=1 -DHAVE_LINUX_TYPES_H=1 -DHAVE_LINUX_FIEMAP_H=1 -DWITH_SHIPPED_GEOIP_H=1 -DBOOST_ASIO_HASH_MAP_BUCKETS=1021 -DBOOST_EXCEPTION_DISABLE=1 -DBOOST_ASIO_ENABLE_CANCELIO=1 -DBOOST_ASIO_DYN_LINK=1 -DTORRENT_BUILDING_SHARED=1'
DEPDIR='.deps'
DLLTOOL='false'
DSYMUTIL=''
DUMPBIN=''
ECHO_C=''
ECHO_N='-n'
ECHO_T=''
EGREP='/bin/grep -E'
ENABLE_DHT_FALSE='#'
ENABLE_DHT_TRUE=''
ENABLE_EXAMPLES_FALSE=''
ENABLE_EXAMPLES_TRUE='#'
ENABLE_PYTHON_BINDING_FALSE='#'
ENABLE_PYTHON_BINDING_TRUE=''
ENABLE_TESTS_FALSE=''
ENABLE_TESTS_TRUE='#'
EXEEXT=''
FGREP='/bin/grep -F'
GEOIP_CFLAGS=''
GEOIP_LIBS=''
GREP='/bin/grep'
ICONV_LIBS=''
INSTALL_DATA='${INSTALL} -m 644'
INSTALL_PROGRAM='${INSTALL}'
INSTALL_SCRIPT='${INSTALL}'
INSTALL_STRIP_PROGRAM='$(install_sh) -c -s'
INTERFACE_VERSION_INFO='8:0:0'
LD='/usr/bin/ld -m elf_x86_64'
LDFLAGS='-L/usr/lib/x86_64-linux-gnu '
LIBICONV='-liconv'
LIBOBJS=''
LIBS='-lpthread  '
LIBTOOL='$(SHELL) $(top_builddir)/libtool'
LIPO=''
LN_S='ln -s'
LTLIBICONV='-liconv'
LTLIBOBJS=''
MAKEINFO='${SHELL} /vagrant/libtorrent/libtorrent-rasterbar-1.0.2/build-aux/missing makeinfo'
MANIFEST_TOOL=':'
MKDIR_P='/bin/mkdir -p'
NM='/usr/bin/nm -B'
NMEDIT=''
OBJDUMP='objdump'
OBJEXT='o'
OPENSSL_INCLUDES='-I/usr/include'
OPENSSL_LDFLAGS='-L/usr/lib'
OPENSSL_LIBS='-lssl -lcrypto'
OTOOL64=''
OTOOL=''
PACKAGE='libtorrent-rasterbar'
PACKAGE_BUGREPORT='arvid@rasterbar.com'
PACKAGE_NAME='libtorrent-rasterbar'
PACKAGE_STRING='libtorrent-rasterbar 1.0.2'
PACKAGE_TARNAME='libtorrent-rasterbar'
PACKAGE_URL='http://www.libtorrent.org'
PACKAGE_VERSION='1.0.2'
PATH_SEPARATOR=':'
PKG_CONFIG=''
PTHREAD_CC='gcc'
PTHREAD_CFLAGS='-pthread'
PTHREAD_LIBS='-lpthread '
PYTHON='/usr/bin/python'
PYTHON_CPPFLAGS='-I/usr/include/python2.7'
PYTHON_EXEC_PREFIX='${exec_prefix}'
PYTHON_EXTRA_LIBS='-L/usr/lib -lz -lpthread -ldl  -lutil'
PYTHON_INSTALL_PARAMS='--prefix=$(DESTDIR)$(prefix)'
PYTHON_LDFLAGS='-L/usr/lib -lpython2.7'
PYTHON_PLATFORM='linux2'
PYTHON_PREFIX='${prefix}'
PYTHON_SITE_PKG='/usr/lib/python2.7/dist-packages'
PYTHON_VERSION='2.7'
RANLIB='ranlib'
SED='/bin/sed'
SET_MAKE=''
SHELL='/bin/bash'
STRIP='strip'
VERSION='1.0.2'
WITH_OPENSSL_FALSE='#'
WITH_OPENSSL_TRUE=''
WITH_SHIPPED_GEOIP_FALSE='#'
WITH_SHIPPED_GEOIP_TRUE=''
ac_ct_AR='ar'
ac_ct_CC='gcc'
ac_ct_CXX='g++'
ac_ct_DUMPBIN=''
am__EXEEXT_FALSE=''
am__EXEEXT_TRUE='#'
am__fastdepCC_FALSE='#'
am__fastdepCC_TRUE=''
am__fastdepCXX_FALSE='#'
am__fastdepCXX_TRUE=''
am__include='include'
am__isrc=''
am__leading_dot='.'
am__nodep='_no'
am__quote=''
am__tar='$${TAR-tar} chof - "$$tardir"'
am__untar='$${TAR-tar} xf -'
ax_pthread_config=''
bindir='${exec_prefix}/bin'
build='x86_64-unknown-linux-gnu'
build_alias=''
build_cpu='x86_64'
build_os='linux-gnu'
build_vendor='unknown'
datadir='${datarootdir}'
datarootdir='${prefix}/share'
docdir='${datarootdir}/doc/${PACKAGE_TARNAME}'
dvidir='${docdir}'
exec_prefix='${prefix}'
host='x86_64-unknown-linux-gnu'
host_alias=''
host_cpu='x86_64'
host_os='linux-gnu'
host_vendor='unknown'
htmldir='${docdir}'
includedir='${prefix}/include'
infodir='${datarootdir}/info'
install_sh='${SHELL} /vagrant/libtorrent/libtorrent-rasterbar-1.0.2/build-aux/install-sh'
libdir='${exec_prefix}/lib'
libexecdir='${exec_prefix}/libexec'
localedir='${datarootdir}/locale'
localstatedir='${prefix}/var'
mandir='${datarootdir}/man'
mkdir_p='$(MKDIR_P)'
oldincludedir='/usr/include'
pdfdir='${docdir}'
pkgpyexecdir='${pyexecdir}/libtorrent-rasterbar'
pkgpythondir='${pythondir}/libtorrent-rasterbar'
prefix='/usr/local'
program_transform_name='s,x,x,'
psdir='${docdir}'
pyexecdir='${exec_prefix}/lib/python2.7/dist-packages'
pythondir='${prefix}/lib/python2.7/dist-packages'
sbindir='${exec_prefix}/sbin'
sharedstatedir='${prefix}/com'
sysconfdir='${prefix}/etc'
target='x86_64-unknown-linux-gnu'
target_alias=''
target_cpu='x86_64'
target_os='linux-gnu'
target_vendor='unknown'

## ----------- ##
## confdefs.h. ##
## ----------- ##

/* confdefs.h */
#define PACKAGE_NAME "libtorrent-rasterbar"
#define PACKAGE_TARNAME "libtorrent-rasterbar"
#define PACKAGE_VERSION "1.0.2"
#define PACKAGE_STRING "libtorrent-rasterbar 1.0.2"
#define PACKAGE_BUGREPORT "arvid@rasterbar.com"
#define PACKAGE_URL "http://www.libtorrent.org"
#define PACKAGE "libtorrent-rasterbar"
#define VERSION "1.0.2"
#define STDC_HEADERS 1
#define HAVE_SYS_TYPES_H 1
#define HAVE_SYS_STAT_H 1
#define HAVE_STDLIB_H 1
#define HAVE_STRING_H 1
#define HAVE_MEMORY_H 1
#define HAVE_STRINGS_H 1
#define HAVE_INTTYPES_H 1
#define HAVE_STDINT_H 1
#define HAVE_UNISTD_H 1
#define HAVE_DLFCN_H 1
#define LT_OBJDIR ".libs/"
#define HAVE_PTHREAD 1
#define HAVE_BOOST /**/
#define HAVE_BOOST_SYSTEM 1
#define HAVE_GETHOSTBYNAME 1
#define HAVE_GETHOSTBYNAME_R 1
#define GETHOSTBYNAME_R_RETURNS_INT 1
#define HAVE_CLOCK_GETTIME 1
#define NDEBUG 1
#define TORRENT_USE_OPENSSL 1
#define HAVE_PYTHON "2.7"
#define HAVE_BOOST_PYTHON 1
#define HAVE_LINUX_TYPES_H 1
#define HAVE_LINUX_FIEMAP_H 1
#define WITH_SHIPPED_GEOIP_H 1
#define BOOST_ASIO_HASH_MAP_BUCKETS 1021
#define BOOST_EXCEPTION_DISABLE 1
#define BOOST_ASIO_ENABLE_CANCELIO 1
#define BOOST_ASIO_DYN_LINK 1
#define TORRENT_BUILDING_SHARED 1

configure: exit 0
